2015-03-19 01:31:56,153 WARN  [IncorrectnessListenerImpl] - Expected content type of 'application/javascript' or 'application/ecmascript' for remotely loaded JavaScript element at 'http://elibrary.ru/jquery.min.js', but got 'application/x-javascript'.
2015-03-19 01:31:57,373 ERROR [StrictErrorReporter] - runtimeError: message=[The data necessary to complete this operation is not yet available.] sourceName=[http://elibrary.ru/jquery.min.js] line=[2] lineSource=[null] lineOffset=[0]
2015-03-19 01:31:57,444 WARN  [HTMLDocument] - getElementById(script1426714317436) did a getElementByName for Internet Explorer
2015-03-19 01:31:57,513 WARN  [IncorrectnessListenerImpl] - Expected content type of 'application/javascript' or 'application/ecmascript' for remotely loaded JavaScript element at 'http://elibrary.ru/fancybox/jquery.fancybox-1.3.4.pack.js', but got 'application/x-javascript'.
2015-03-19 01:31:57,594 WARN  [IncorrectnessListenerImpl] - Expected content type of 'application/javascript' or 'application/ecmascript' for remotely loaded JavaScript element at 'http://elibrary.ru/fancybox/jquery.easydrag.js', but got 'application/x-javascript'.
2015-03-19 01:31:57,631 WARN  [IncorrectnessListenerImpl] - Expected content type of 'application/javascript' or 'application/ecmascript' for remotely loaded JavaScript element at 'http://elibrary.ru/jquery.tools.min.js', but got 'application/x-javascript'.
2015-03-19 01:31:57,659 WARN  [IncorrectnessListenerImpl] - Expected content type of 'application/javascript' or 'application/ecmascript' for remotely loaded JavaScript element at 'http://elibrary.ru/elibrary.js', but got 'application/x-javascript'.
2015-03-19 01:31:58,872 WARN  [IncorrectnessListenerImpl] - Obsolete content type encountered: 'text/javascript'.
2015-03-19 01:31:59,161 WARN  [DefaultCssErrorHandler] - CSS error: null [207:72] Error in style rule. Invalid token ":". Was expecting one of: <S>, "}", <COMMA>, ";", "/", <PLUS>, "-", <HASH>, <STRING>, <URI>, "!", "inherit", <EMS>, <EXS>, <LENGTH_PX>, <LENGTH_CM>, <LENGTH_MM>, <LENGTH_IN>, <LENGTH_PT>, <LENGTH_PC>, <ANGLE_DEG>, <ANGLE_RAD>, <ANGLE_GRAD>, <TIME_MS>, <TIME_S>, <FREQ_HZ>, <FREQ_KHZ>, <DIMENSION>, <PERCENTAGE>, <NUMBER>, <FUNCTION>, <IDENT>.
2015-03-19 01:31:59,161 WARN  [DefaultCssErrorHandler] - CSS warning: null [207:72] Ignoring the following declarations in this rule.
2015-03-19 01:31:59,162 WARN  [DefaultCssErrorHandler] - CSS error: null [209:75] Error in style rule. Invalid token ":". Was expecting one of: <S>, "}", <COMMA>, ";", "/", <PLUS>, "-", <HASH>, <STRING>, <URI>, "!", "inherit", <EMS>, <EXS>, <LENGTH_PX>, <LENGTH_CM>, <LENGTH_MM>, <LENGTH_IN>, <LENGTH_PT>, <LENGTH_PC>, <ANGLE_DEG>, <ANGLE_RAD>, <ANGLE_GRAD>, <TIME_MS>, <TIME_S>, <FREQ_HZ>, <FREQ_KHZ>, <DIMENSION>, <PERCENTAGE>, <NUMBER>, <FUNCTION>, <IDENT>.
2015-03-19 01:31:59,163 WARN  [DefaultCssErrorHandler] - CSS warning: null [209:75] Ignoring the following declarations in this rule.
2015-03-19 01:31:59,163 WARN  [DefaultCssErrorHandler] - CSS error: null [210:76] Error in style rule. Invalid token ":". Was expecting one of: <S>, "}", <COMMA>, ";", "/", <PLUS>, "-", <HASH>, <STRING>, <URI>, "!", "inherit", <EMS>, <EXS>, <LENGTH_PX>, <LENGTH_CM>, <LENGTH_MM>, <LENGTH_IN>, <LENGTH_PT>, <LENGTH_PC>, <ANGLE_DEG>, <ANGLE_RAD>, <ANGLE_GRAD>, <TIME_MS>, <TIME_S>, <FREQ_HZ>, <FREQ_KHZ>, <DIMENSION>, <PERCENTAGE>, <NUMBER>, <FUNCTION>, <IDENT>.
2015-03-19 01:31:59,164 WARN  [DefaultCssErrorHandler] - CSS warning: null [210:76] Ignoring the following declarations in this rule.
2015-03-19 01:31:59,165 WARN  [DefaultCssErrorHandler] - CSS error: null [212:77] Error in style rule. Invalid token ":". Was expecting one of: <S>, "}", <COMMA>, ";", "/", <PLUS>, "-", <HASH>, <STRING>, <URI>, "!", "inherit", <EMS>, <EXS>, <LENGTH_PX>, <LENGTH_CM>, <LENGTH_MM>, <LENGTH_IN>, <LENGTH_PT>, <LENGTH_PC>, <ANGLE_DEG>, <ANGLE_RAD>, <ANGLE_GRAD>, <TIME_MS>, <TIME_S>, <FREQ_HZ>, <FREQ_KHZ>, <DIMENSION>, <PERCENTAGE>, <NUMBER>, <FUNCTION>, <IDENT>.
2015-03-19 01:31:59,165 WARN  [DefaultCssErrorHandler] - CSS warning: null [212:77] Ignoring the following declarations in this rule.
2015-03-19 01:31:59,166 WARN  [DefaultCssErrorHandler] - CSS error: null [213:83] Error in style rule. Invalid token ":". Was expecting one of: <S>, "}", <COMMA>, ";", "/", <PLUS>, "-", <HASH>, <STRING>, <URI>, "!", "inherit", <EMS>, <EXS>, <LENGTH_PX>, <LENGTH_CM>, <LENGTH_MM>, <LENGTH_IN>, <LENGTH_PT>, <LENGTH_PC>, <ANGLE_DEG>, <ANGLE_RAD>, <ANGLE_GRAD>, <TIME_MS>, <TIME_S>, <FREQ_HZ>, <FREQ_KHZ>, <DIMENSION>, <PERCENTAGE>, <NUMBER>, <FUNCTION>, <IDENT>.
2015-03-19 01:31:59,166 WARN  [DefaultCssErrorHandler] - CSS warning: null [213:83] Ignoring the following declarations in this rule.
2015-03-19 01:31:59,167 WARN  [DefaultCssErrorHandler] - CSS error: null [214:83] Error in style rule. Invalid token ":". Was expecting one of: <S>, "}", <COMMA>, ";", "/", <PLUS>, "-", <HASH>, <STRING>, <URI>, "!", "inherit", <EMS>, <EXS>, <LENGTH_PX>, <LENGTH_CM>, <LENGTH_MM>, <LENGTH_IN>, <LENGTH_PT>, <LENGTH_PC>, <ANGLE_DEG>, <ANGLE_RAD>, <ANGLE_GRAD>, <TIME_MS>, <TIME_S>, <FREQ_HZ>, <FREQ_KHZ>, <DIMENSION>, <PERCENTAGE>, <NUMBER>, <FUNCTION>, <IDENT>.
2015-03-19 01:31:59,167 WARN  [DefaultCssErrorHandler] - CSS warning: null [214:83] Ignoring the following declarations in this rule.
2015-03-19 01:31:59,169 WARN  [DefaultCssErrorHandler] - CSS error: null [215:84] Error in style rule. Invalid token ":". Was expecting one of: <S>, "}", <COMMA>, ";", "/", <PLUS>, "-", <HASH>, <STRING>, <URI>, "!", "inherit", <EMS>, <EXS>, <LENGTH_PX>, <LENGTH_CM>, <LENGTH_MM>, <LENGTH_IN>, <LENGTH_PT>, <LENGTH_PC>, <ANGLE_DEG>, <ANGLE_RAD>, <ANGLE_GRAD>, <TIME_MS>, <TIME_S>, <FREQ_HZ>, <FREQ_KHZ>, <DIMENSION>, <PERCENTAGE>, <NUMBER>, <FUNCTION>, <IDENT>.
2015-03-19 01:31:59,169 WARN  [DefaultCssErrorHandler] - CSS warning: null [215:84] Ignoring the following declarations in this rule.
2015-03-19 01:31:59,170 WARN  [DefaultCssErrorHandler] - CSS error: null [218:32] Error in expression. Invalid token ".". Was expecting one of: <S>, <COMMA>, "/", <PLUS>, "-", <HASH>, <STRING>, ")", <URI>, "inherit", <EMS>, <EXS>, <LENGTH_PX>, <LENGTH_CM>, <LENGTH_MM>, <LENGTH_IN>, <LENGTH_PT>, <LENGTH_PC>, <ANGLE_DEG>, <ANGLE_RAD>, <ANGLE_GRAD>, <TIME_MS>, <TIME_S>, <FREQ_HZ>, <FREQ_KHZ>, <DIMENSION>, <PERCENTAGE>, <NUMBER>, <FUNCTION>, <IDENT>.
2015-03-19 01:31:59,171 WARN  [DefaultCssErrorHandler] - CSS error: null [218:65] Error in style rule. Invalid token "\r\n". Was expecting one of: "}", ";".
2015-03-19 01:31:59,171 WARN  [DefaultCssErrorHandler] - CSS warning: null [218:65] Ignoring the following declarations in this rule.
2015-03-19 01:31:59,172 WARN  [DefaultCssErrorHandler] - CSS error: null [223:26] Error in expression. Invalid token "(". Was expecting one of: <S>, <PLUS>, "-", <HASH>, <STRING>, <URI>, "inherit", <EMS>, <EXS>, <LENGTH_PX>, <LENGTH_CM>, <LENGTH_MM>, <LENGTH_IN>, <LENGTH_PT>, <LENGTH_PC>, <ANGLE_DEG>, <ANGLE_RAD>, <ANGLE_GRAD>, <TIME_MS>, <TIME_S>, <FREQ_HZ>, <FREQ_KHZ>, <DIMENSION>, <PERCENTAGE>, <NUMBER>, <FUNCTION>, <IDENT>.
2015-03-19 01:31:59,173 WARN  [DefaultCssErrorHandler] - CSS error: null [223:271] Error in style rule. Invalid token "\r\n". Was expecting one of: "}", ";".
2015-03-19 01:31:59,173 WARN  [DefaultCssErrorHandler] - CSS warning: null [223:271] Ignoring the following declarations in this rule.
2015-03-19 01:31:59,173 WARN  [DefaultCssErrorHandler] - CSS error: null [226:82] Error in style rule. Invalid token ":". Was expecting one of: <S>, "}", <COMMA>, ";", "/", <PLUS>, "-", <HASH>, <STRING>, <URI>, "!", "inherit", <EMS>, <EXS>, <LENGTH_PX>, <LENGTH_CM>, <LENGTH_MM>, <LENGTH_IN>, <LENGTH_PT>, <LENGTH_PC>, <ANGLE_DEG>, <ANGLE_RAD>, <ANGLE_GRAD>, <TIME_MS>, <TIME_S>, <FREQ_HZ>, <FREQ_KHZ>, <DIMENSION>, <PERCENTAGE>, <NUMBER>, <FUNCTION>, <IDENT>.
2015-03-19 01:31:59,174 WARN  [DefaultCssErrorHandler] - CSS warning: null [226:82] Ignoring the following declarations in this rule.
2015-03-19 01:31:59,174 WARN  [DefaultCssErrorHandler] - CSS error: null [232:45] Error in style rule. Invalid token ":". Was expecting one of: <S>, "}", <COMMA>, ";", "/", <PLUS>, "-", <HASH>, <STRING>, <URI>, "!", "inherit", <EMS>, <EXS>, <LENGTH_PX>, <LENGTH_CM>, <LENGTH_MM>, <LENGTH_IN>, <LENGTH_PT>, <LENGTH_PC>, <ANGLE_DEG>, <ANGLE_RAD>, <ANGLE_GRAD>, <TIME_MS>, <TIME_S>, <FREQ_HZ>, <FREQ_KHZ>, <DIMENSION>, <PERCENTAGE>, <NUMBER>, <FUNCTION>, <IDENT>.
2015-03-19 01:31:59,177 WARN  [DefaultCssErrorHandler] - CSS warning: null [232:45] Ignoring the following declarations in this rule.
2015-03-19 01:31:59,178 WARN  [DefaultCssErrorHandler] - CSS error: null [233:46] Error in style rule. Invalid token ":". Was expecting one of: <S>, "}", <COMMA>, ";", "/", <PLUS>, "-", <HASH>, <STRING>, <URI>, "!", "inherit", <EMS>, <EXS>, <LENGTH_PX>, <LENGTH_CM>, <LENGTH_MM>, <LENGTH_IN>, <LENGTH_PT>, <LENGTH_PC>, <ANGLE_DEG>, <ANGLE_RAD>, <ANGLE_GRAD>, <TIME_MS>, <TIME_S>, <FREQ_HZ>, <FREQ_KHZ>, <DIMENSION>, <PERCENTAGE>, <NUMBER>, <FUNCTION>, <IDENT>.
2015-03-19 01:31:59,178 WARN  [DefaultCssErrorHandler] - CSS warning: null [233:46] Ignoring the following declarations in this rule.
2015-03-19 01:31:59,179 WARN  [DefaultCssErrorHandler] - CSS error: null [234:45] Error in style rule. Invalid token ":". Was expecting one of: <S>, "}", <COMMA>, ";", "/", <PLUS>, "-", <HASH>, <STRING>, <URI>, "!", "inherit", <EMS>, <EXS>, <LENGTH_PX>, <LENGTH_CM>, <LENGTH_MM>, <LENGTH_IN>, <LENGTH_PT>, <LENGTH_PC>, <ANGLE_DEG>, <ANGLE_RAD>, <ANGLE_GRAD>, <TIME_MS>, <TIME_S>, <FREQ_HZ>, <FREQ_KHZ>, <DIMENSION>, <PERCENTAGE>, <NUMBER>, <FUNCTION>, <IDENT>.
2015-03-19 01:31:59,179 WARN  [DefaultCssErrorHandler] - CSS warning: null [234:45] Ignoring the following declarations in this rule.
2015-03-19 01:31:59,180 WARN  [DefaultCssErrorHandler] - CSS error: null [235:46] Error in style rule. Invalid token ":". Was expecting one of: <S>, "}", <COMMA>, ";", "/", <PLUS>, "-", <HASH>, <STRING>, <URI>, "!", "inherit", <EMS>, <EXS>, <LENGTH_PX>, <LENGTH_CM>, <LENGTH_MM>, <LENGTH_IN>, <LENGTH_PT>, <LENGTH_PC>, <ANGLE_DEG>, <ANGLE_RAD>, <ANGLE_GRAD>, <TIME_MS>, <TIME_S>, <FREQ_HZ>, <FREQ_KHZ>, <DIMENSION>, <PERCENTAGE>, <NUMBER>, <FUNCTION>, <IDENT>.
2015-03-19 01:31:59,180 WARN  [DefaultCssErrorHandler] - CSS warning: null [235:46] Ignoring the following declarations in this rule.
2015-03-19 01:31:59,180 WARN  [DefaultCssErrorHandler] - CSS error: null [236:45] Error in style rule. Invalid token ":". Was expecting one of: <S>, "}", <COMMA>, ";", "/", <PLUS>, "-", <HASH>, <STRING>, <URI>, "!", "inherit", <EMS>, <EXS>, <LENGTH_PX>, <LENGTH_CM>, <LENGTH_MM>, <LENGTH_IN>, <LENGTH_PT>, <LENGTH_PC>, <ANGLE_DEG>, <ANGLE_RAD>, <ANGLE_GRAD>, <TIME_MS>, <TIME_S>, <FREQ_HZ>, <FREQ_KHZ>, <DIMENSION>, <PERCENTAGE>, <NUMBER>, <FUNCTION>, <IDENT>.
2015-03-19 01:31:59,181 WARN  [DefaultCssErrorHandler] - CSS warning: null [236:45] Ignoring the following declarations in this rule.
2015-03-19 01:31:59,181 WARN  [DefaultCssErrorHandler] - CSS error: null [237:46] Error in style rule. Invalid token ":". Was expecting one of: <S>, "}", <COMMA>, ";", "/", <PLUS>, "-", <HASH>, <STRING>, <URI>, "!", "inherit", <EMS>, <EXS>, <LENGTH_PX>, <LENGTH_CM>, <LENGTH_MM>, <LENGTH_IN>, <LENGTH_PT>, <LENGTH_PC>, <ANGLE_DEG>, <ANGLE_RAD>, <ANGLE_GRAD>, <TIME_MS>, <TIME_S>, <FREQ_HZ>, <FREQ_KHZ>, <DIMENSION>, <PERCENTAGE>, <NUMBER>, <FUNCTION>, <IDENT>.
2015-03-19 01:31:59,182 WARN  [DefaultCssErrorHandler] - CSS warning: null [237:46] Ignoring the following declarations in this rule.
2015-03-19 01:31:59,182 WARN  [DefaultCssErrorHandler] - CSS error: null [238:45] Error in style rule. Invalid token ":". Was expecting one of: <S>, "}", <COMMA>, ";", "/", <PLUS>, "-", <HASH>, <STRING>, <URI>, "!", "inherit", <EMS>, <EXS>, <LENGTH_PX>, <LENGTH_CM>, <LENGTH_MM>, <LENGTH_IN>, <LENGTH_PT>, <LENGTH_PC>, <ANGLE_DEG>, <ANGLE_RAD>, <ANGLE_GRAD>, <TIME_MS>, <TIME_S>, <FREQ_HZ>, <FREQ_KHZ>, <DIMENSION>, <PERCENTAGE>, <NUMBER>, <FUNCTION>, <IDENT>.
2015-03-19 01:31:59,183 WARN  [DefaultCssErrorHandler] - CSS warning: null [238:45] Ignoring the following declarations in this rule.
2015-03-19 01:31:59,183 WARN  [DefaultCssErrorHandler] - CSS error: null [239:46] Error in style rule. Invalid token ":". Was expecting one of: <S>, "}", <COMMA>, ";", "/", <PLUS>, "-", <HASH>, <STRING>, <URI>, "!", "inherit", <EMS>, <EXS>, <LENGTH_PX>, <LENGTH_CM>, <LENGTH_MM>, <LENGTH_IN>, <LENGTH_PT>, <LENGTH_PC>, <ANGLE_DEG>, <ANGLE_RAD>, <ANGLE_GRAD>, <TIME_MS>, <TIME_S>, <FREQ_HZ>, <FREQ_KHZ>, <DIMENSION>, <PERCENTAGE>, <NUMBER>, <FUNCTION>, <IDENT>.
2015-03-19 01:31:59,191 WARN  [DefaultCssErrorHandler] - CSS warning: null [239:46] Ignoring the following declarations in this rule.
2015-03-19 01:31:59,221 WARN  [DefaultCssErrorHandler] - CSS error: null [22:37] Error in expression. Invalid token "=". Was expecting one of: <S>, <COMMA>, "/", <PLUS>, "-", <HASH>, <STRING>, ")", <URI>, "inherit", <EMS>, <EXS>, <LENGTH_PX>, <LENGTH_CM>, <LENGTH_MM>, <LENGTH_IN>, <LENGTH_PT>, <LENGTH_PC>, <ANGLE_DEG>, <ANGLE_RAD>, <ANGLE_GRAD>, <TIME_MS>, <TIME_S>, <FREQ_HZ>, <FREQ_KHZ>, <DIMENSION>, <PERCENTAGE>, <NUMBER>, <FUNCTION>, <IDENT>.
2015-03-19 01:31:59,222 WARN  [DefaultCssErrorHandler] - CSS error: null [22:42] Error in style rule. Invalid token " ". Was expecting one of: "}", ";".
2015-03-19 01:31:59,222 WARN  [DefaultCssErrorHandler] - CSS warning: null [22:42] Ignoring the following declarations in this rule.
2015-03-19 01:31:59,238 WARN  [DefaultCssErrorHandler] - CSS error: null [105:21] Error in expression. Invalid token ")". Was expecting one of: <S>, <PLUS>, "-", <HASH>, <STRING>, <URI>, "inherit", <EMS>, <EXS>, <LENGTH_PX>, <LENGTH_CM>, <LENGTH_MM>, <LENGTH_IN>, <LENGTH_PT>, <LENGTH_PC>, <ANGLE_DEG>, <ANGLE_RAD>, <ANGLE_GRAD>, <TIME_MS>, <TIME_S>, <FREQ_HZ>, <FREQ_KHZ>, <DIMENSION>, <PERCENTAGE>, <NUMBER>, <FUNCTION>, <IDENT>.
2015-03-19 01:31:59,238 WARN  [DefaultCssErrorHandler] - CSS error: null [105:23] Error in style rule. Invalid token "\r\n\t". Was expecting one of: "}", ";".
2015-03-19 01:31:59,239 WARN  [DefaultCssErrorHandler] - CSS warning: null [105:23] Ignoring the following declarations in this rule.
2015-03-19 01:31:59,278 WARN  [DefaultCssErrorHandler] - CSS error: null [518:24] Error in style rule. Invalid token "<EOF>". Was expecting one of: <S>, "}", ";", <IDENT>.
2015-03-19 01:31:59,279 WARN  [DefaultCssErrorHandler] - CSS warning: null [518:24] Ignoring the following declarations in this rule.
2015-03-19 01:32:00,217 WARN  [ActiveXObject] - Automation server can't create object for ShockwaveFlash.ShockwaveFlash.7
2015-03-19 01:32:00,217 ERROR [StrictErrorReporter] - runtimeError: message=[Automation server can't create object] sourceName=[http://www.google-analytics.com/ga.js] line=[25] lineSource=[null] lineOffset=[0]
2015-03-19 01:32:00,219 WARN  [ActiveXObject] - Automation server can't create object for ShockwaveFlash.ShockwaveFlash.6
2015-03-19 01:32:00,219 ERROR [StrictErrorReporter] - runtimeError: message=[Automation server can't create object] sourceName=[http://www.google-analytics.com/ga.js] line=[25] lineSource=[null] lineOffset=[0]
2015-03-19 01:32:00,220 WARN  [ActiveXObject] - Automation server can't create object for ShockwaveFlash.ShockwaveFlash
2015-03-19 01:32:00,221 ERROR [StrictErrorReporter] - runtimeError: message=[Automation server can't create object] sourceName=[http://www.google-analytics.com/ga.js] line=[25] lineSource=[null] lineOffset=[0]
2015-03-19 01:32:00,533 WARN  [IncorrectnessListenerImpl] - Expected content type of 'application/javascript' or 'application/ecmascript' for remotely loaded JavaScript element at 'http://mc.yandex.ru/metrika/watch.js', but got 'application/x-javascript'.
2015-03-19 01:32:00,699 WARN  [ActiveXObject] - Automation server can't create object for ShockwaveFlash.ShockwaveFlash
2015-03-19 01:32:00,699 ERROR [StrictErrorReporter] - runtimeError: message=[Automation server can't create object] sourceName=[http://mc.yandex.ru/metrika/watch.js] line=[73] lineSource=[null] lineOffset=[0]
2015-03-19 01:32:00,700 WARN  [ActiveXObject] - Automation server can't create object for AgControl.AgControl
2015-03-19 01:32:00,701 ERROR [StrictErrorReporter] - runtimeError: message=[Automation server can't create object] sourceName=[http://mc.yandex.ru/metrika/watch.js] line=[72] lineSource=[null] lineOffset=[0]
2015-03-19 01:32:02,104 ERROR [StrictErrorReporter] - runtimeError: message=[The data necessary to complete this operation is not yet available.] sourceName=[http://elibrary.ru/jquery.min.js] line=[2] lineSource=[null] lineOffset=[0]
2015-03-19 01:32:02,119 WARN  [HTMLDocument] - getElementById(script1426714322115) did a getElementByName for Internet Explorer
2015-03-19 01:32:02,139 ERROR [StrictErrorReporter] - runtimeError: message=[The data necessary to complete this operation is not yet available.] sourceName=[http://elibrary.ru/jquery.min.js] line=[2] lineSource=[null] lineOffset=[0]
2015-03-19 01:32:02,142 ERROR [StrictErrorReporter] - runtimeError: message=[The data necessary to complete this operation is not yet available.] sourceName=[http://elibrary.ru/jquery.min.js] line=[2] lineSource=[null] lineOffset=[0]
2015-03-19 01:32:02,151 ERROR [StrictErrorReporter] - runtimeError: message=[The data necessary to complete this operation is not yet available.] sourceName=[http://elibrary.ru/jquery.min.js] line=[2] lineSource=[null] lineOffset=[0]
2015-03-19 01:32:02,162 ERROR [StrictErrorReporter] - runtimeError: message=[The data necessary to complete this operation is not yet available.] sourceName=[http://elibrary.ru/jquery.min.js] line=[2] lineSource=[null] lineOffset=[0]
2015-03-19 01:32:02,165 ERROR [StrictErrorReporter] - runtimeError: message=[The data necessary to complete this operation is not yet available.] sourceName=[http://elibrary.ru/jquery.min.js] line=[2] lineSource=[null] lineOffset=[0]
2015-03-19 01:32:02,168 ERROR [StrictErrorReporter] - runtimeError: message=[The data necessary to complete this operation is not yet available.] sourceName=[http://elibrary.ru/jquery.min.js] line=[2] lineSource=[null] lineOffset=[0]
2015-03-19 01:32:02,171 ERROR [StrictErrorReporter] - runtimeError: message=[The data necessary to complete this operation is not yet available.] sourceName=[http://elibrary.ru/jquery.min.js] line=[2] lineSource=[null] lineOffset=[0]
2015-03-19 01:32:02,174 ERROR [StrictErrorReporter] - runtimeError: message=[The data necessary to complete this operation is not yet available.] sourceName=[http://elibrary.ru/jquery.min.js] line=[2] lineSource=[null] lineOffset=[0]
2015-03-19 01:32:02,178 ERROR [StrictErrorReporter] - runtimeError: message=[The data necessary to complete this operation is not yet available.] sourceName=[http://elibrary.ru/jquery.min.js] line=[2] lineSource=[null] lineOffset=[0]
2015-03-19 01:32:02,182 ERROR [StrictErrorReporter] - runtimeError: message=[The data necessary to complete this operation is not yet available.] sourceName=[http://elibrary.ru/jquery.min.js] line=[2] lineSource=[null] lineOffset=[0]
2015-03-19 01:32:02,187 ERROR [StrictErrorReporter] - runtimeError: message=[The data necessary to complete this operation is not yet available.] sourceName=[http://elibrary.ru/jquery.min.js] line=[2] lineSource=[null] lineOffset=[0]
2015-03-19 01:32:02,190 ERROR [StrictErrorReporter] - runtimeError: message=[The data necessary to complete this operation is not yet available.] sourceName=[http://elibrary.ru/jquery.min.js] line=[2] lineSource=[null] lineOffset=[0]
2015-03-19 01:32:02,193 ERROR [StrictErrorReporter] - runtimeError: message=[The data necessary to complete this operation is not yet available.] sourceName=[http://elibrary.ru/jquery.min.js] line=[2] lineSource=[null] lineOffset=[0]
2015-03-19 01:32:02,197 ERROR [StrictErrorReporter] - runtimeError: message=[The data necessary to complete this operation is not yet available.] sourceName=[http://elibrary.ru/jquery.min.js] line=[2] lineSource=[null] lineOffset=[0]
2015-03-19 01:32:02,201 ERROR [StrictErrorReporter] - runtimeError: message=[The data necessary to complete this operation is not yet available.] sourceName=[http://elibrary.ru/jquery.min.js] line=[2] lineSource=[null] lineOffset=[0]
2015-03-19 01:32:02,204 ERROR [StrictErrorReporter] - runtimeError: message=[The data necessary to complete this operation is not yet available.] sourceName=[http://elibrary.ru/jquery.min.js] line=[2] lineSource=[null] lineOffset=[0]
2015-03-19 01:32:02,208 ERROR [StrictErrorReporter] - runtimeError: message=[The data necessary to complete this operation is not yet available.] sourceName=[http://elibrary.ru/jquery.min.js] line=[2] lineSource=[null] lineOffset=[0]
2015-03-19 01:32:02,211 ERROR [StrictErrorReporter] - runtimeError: message=[The data necessary to complete this operation is not yet available.] sourceName=[http://elibrary.ru/jquery.min.js] line=[2] lineSource=[null] lineOffset=[0]
2015-03-19 01:32:02,214 ERROR [StrictErrorReporter] - runtimeError: message=[The data necessary to complete this operation is not yet available.] sourceName=[http://elibrary.ru/jquery.min.js] line=[2] lineSource=[null] lineOffset=[0]
2015-03-19 01:32:02,217 ERROR [StrictErrorReporter] - runtimeError: message=[The data necessary to complete this operation is not yet available.] sourceName=[http://elibrary.ru/jquery.min.js] line=[2] lineSource=[null] lineOffset=[0]
2015-03-19 01:32:02,220 ERROR [StrictErrorReporter] - runtimeError: message=[The data necessary to complete this operation is not yet available.] sourceName=[http://elibrary.ru/jquery.min.js] line=[2] lineSource=[null] lineOffset=[0]
2015-03-19 01:32:02,223 ERROR [StrictErrorReporter] - runtimeError: message=[The data necessary to complete this operation is not yet available.] sourceName=[http://elibrary.ru/jquery.min.js] line=[2] lineSource=[null] lineOffset=[0]
2015-03-19 01:32:02,226 ERROR [StrictErrorReporter] - runtimeError: message=[The data necessary to complete this operation is not yet available.] sourceName=[http://elibrary.ru/jquery.min.js] line=[2] lineSource=[null] lineOffset=[0]
2015-03-19 01:32:02,230 ERROR [StrictErrorReporter] - runtimeError: message=[The data necessary to complete this operation is not yet available.] sourceName=[http://elibrary.ru/jquery.min.js] line=[2] lineSource=[null] lineOffset=[0]
2015-03-19 01:32:02,233 ERROR [StrictErrorReporter] - runtimeError: message=[The data necessary to complete this operation is not yet available.] sourceName=[http://elibrary.ru/jquery.min.js] line=[2] lineSource=[null] lineOffset=[0]
2015-03-19 01:32:02,236 ERROR [StrictErrorReporter] - runtimeError: message=[The data necessary to complete this operation is not yet available.] sourceName=[http://elibrary.ru/jquery.min.js] line=[2] lineSource=[null] lineOffset=[0]
2015-03-19 01:32:02,239 ERROR [StrictErrorReporter] - runtimeError: message=[The data necessary to complete this operation is not yet available.] sourceName=[http://elibrary.ru/jquery.min.js] line=[2] lineSource=[null] lineOffset=[0]
2015-03-19 01:32:02,242 ERROR [StrictErrorReporter] - runtimeError: message=[The data necessary to complete this operation is not yet available.] sourceName=[http://elibrary.ru/jquery.min.js] line=[2] lineSource=[null] lineOffset=[0]
2015-03-19 01:32:02,245 ERROR [StrictErrorReporter] - runtimeError: message=[The data necessary to complete this operation is not yet available.] sourceName=[http://elibrary.ru/jquery.min.js] line=[2] lineSource=[null] lineOffset=[0]
2015-03-19 01:32:02,248 ERROR [StrictErrorReporter] - runtimeError: message=[The data necessary to complete this operation is not yet available.] sourceName=[http://elibrary.ru/jquery.min.js] line=[2] lineSource=[null] lineOffset=[0]
2015-03-19 01:32:02,251 ERROR [StrictErrorReporter] - runtimeError: message=[The data necessary to complete this operation is not yet available.] sourceName=[http://elibrary.ru/jquery.min.js] line=[2] lineSource=[null] lineOffset=[0]
2015-03-19 01:32:02,254 ERROR [StrictErrorReporter] - runtimeError: message=[The data necessary to complete this operation is not yet available.] sourceName=[http://elibrary.ru/jquery.min.js] line=[2] lineSource=[null] lineOffset=[0]
2015-03-19 01:32:02,258 ERROR [StrictErrorReporter] - runtimeError: message=[The data necessary to complete this operation is not yet available.] sourceName=[http://elibrary.ru/jquery.min.js] line=[2] lineSource=[null] lineOffset=[0]
2015-03-19 01:32:02,262 ERROR [StrictErrorReporter] - runtimeError: message=[The data necessary to complete this operation is not yet available.] sourceName=[http://elibrary.ru/jquery.min.js] line=[2] lineSource=[null] lineOffset=[0]
2015-03-19 01:32:02,265 ERROR [StrictErrorReporter] - runtimeError: message=[The data necessary to complete this operation is not yet available.] sourceName=[http://elibrary.ru/jquery.min.js] line=[2] lineSource=[null] lineOffset=[0]
2015-03-19 01:32:02,267 ERROR [StrictErrorReporter] - runtimeError: message=[The data necessary to complete this operation is not yet available.] sourceName=[http://elibrary.ru/jquery.min.js] line=[2] lineSource=[null] lineOffset=[0]
2015-03-19 01:32:02,269 ERROR [StrictErrorReporter] - runtimeError: message=[The data necessary to complete this operation is not yet available.] sourceName=[http://elibrary.ru/jquery.min.js] line=[2] lineSource=[null] lineOffset=[0]
2015-03-19 01:32:02,272 ERROR [StrictErrorReporter] - runtimeError: message=[The data necessary to complete this operation is not yet available.] sourceName=[http://elibrary.ru/jquery.min.js] line=[2] lineSource=[null] lineOffset=[0]
2015-03-19 01:32:02,282 ERROR [StrictErrorReporter] - runtimeError: message=[The data necessary to complete this operation is not yet available.] sourceName=[http://elibrary.ru/jquery.min.js] line=[2] lineSource=[null] lineOffset=[0]
2015-03-19 01:32:02,287 ERROR [StrictErrorReporter] - runtimeError: message=[The data necessary to complete this operation is not yet available.] sourceName=[http://elibrary.ru/jquery.min.js] line=[2] lineSource=[null] lineOffset=[0]
2015-03-19 01:32:02,290 ERROR [StrictErrorReporter] - runtimeError: message=[The data necessary to complete this operation is not yet available.] sourceName=[http://elibrary.ru/jquery.min.js] line=[2] lineSource=[null] lineOffset=[0]
2015-03-19 01:32:02,293 ERROR [StrictErrorReporter] - runtimeError: message=[The data necessary to complete this operation is not yet available.] sourceName=[http://elibrary.ru/jquery.min.js] line=[2] lineSource=[null] lineOffset=[0]
2015-03-19 01:32:02,296 ERROR [StrictErrorReporter] - runtimeError: message=[The data necessary to complete this operation is not yet available.] sourceName=[http://elibrary.ru/jquery.min.js] line=[2] lineSource=[null] lineOffset=[0]
2015-03-19 01:32:02,299 ERROR [StrictErrorReporter] - runtimeError: message=[The data necessary to complete this operation is not yet available.] sourceName=[http://elibrary.ru/jquery.min.js] line=[2] lineSource=[null] lineOffset=[0]
2015-03-19 01:32:02,306 ERROR [StrictErrorReporter] - runtimeError: message=[The data necessary to complete this operation is not yet available.] sourceName=[http://elibrary.ru/jquery.min.js] line=[2] lineSource=[null] lineOffset=[0]
2015-03-19 01:32:02,309 ERROR [StrictErrorReporter] - runtimeError: message=[The data necessary to complete this operation is not yet available.] sourceName=[http://elibrary.ru/jquery.min.js] line=[2] lineSource=[null] lineOffset=[0]
2015-03-19 01:32:02,312 ERROR [StrictErrorReporter] - runtimeError: message=[The data necessary to complete this operation is not yet available.] sourceName=[http://elibrary.ru/jquery.min.js] line=[2] lineSource=[null] lineOffset=[0]
2015-03-19 01:32:02,314 ERROR [StrictErrorReporter] - runtimeError: message=[The data necessary to complete this operation is not yet available.] sourceName=[http://elibrary.ru/jquery.min.js] line=[2] lineSource=[null] lineOffset=[0]
2015-03-19 01:32:02,316 ERROR [StrictErrorReporter] - runtimeError: message=[The data necessary to complete this operation is not yet available.] sourceName=[http://elibrary.ru/jquery.min.js] line=[2] lineSource=[null] lineOffset=[0]
2015-03-19 01:32:02,318 ERROR [StrictErrorReporter] - runtimeError: message=[The data necessary to complete this operation is not yet available.] sourceName=[http://elibrary.ru/jquery.min.js] line=[2] lineSource=[null] lineOffset=[0]
2015-03-19 01:32:02,320 ERROR [StrictErrorReporter] - runtimeError: message=[The data necessary to complete this operation is not yet available.] sourceName=[http://elibrary.ru/jquery.min.js] line=[2] lineSource=[null] lineOffset=[0]
2015-03-19 01:32:02,322 ERROR [StrictErrorReporter] - runtimeError: message=[The data necessary to complete this operation is not yet available.] sourceName=[http://elibrary.ru/jquery.min.js] line=[2] lineSource=[null] lineOffset=[0]
2015-03-19 01:32:02,327 ERROR [StrictErrorReporter] - runtimeError: message=[The data necessary to complete this operation is not yet available.] sourceName=[http://elibrary.ru/jquery.min.js] line=[2] lineSource=[null] lineOffset=[0]
2015-03-19 01:32:02,330 ERROR [StrictErrorReporter] - runtimeError: message=[The data necessary to complete this operation is not yet available.] sourceName=[http://elibrary.ru/jquery.min.js] line=[2] lineSource=[null] lineOffset=[0]
2015-03-19 01:32:02,332 ERROR [StrictErrorReporter] - runtimeError: message=[The data necessary to complete this operation is not yet available.] sourceName=[http://elibrary.ru/jquery.min.js] line=[2] lineSource=[null] lineOffset=[0]
2015-03-19 01:32:02,336 ERROR [StrictErrorReporter] - runtimeError: message=[The data necessary to complete this operation is not yet available.] sourceName=[http://elibrary.ru/jquery.min.js] line=[2] lineSource=[null] lineOffset=[0]
2015-03-19 01:32:02,340 ERROR [StrictErrorReporter] - runtimeError: message=[The data necessary to complete this operation is not yet available.] sourceName=[http://elibrary.ru/jquery.min.js] line=[2] lineSource=[null] lineOffset=[0]
2015-03-19 01:32:02,344 ERROR [StrictErrorReporter] - runtimeError: message=[The data necessary to complete this operation is not yet available.] sourceName=[http://elibrary.ru/jquery.min.js] line=[2] lineSource=[null] lineOffset=[0]
2015-03-19 01:32:02,347 ERROR [StrictErrorReporter] - runtimeError: message=[The data necessary to complete this operation is not yet available.] sourceName=[http://elibrary.ru/jquery.min.js] line=[2] lineSource=[null] lineOffset=[0]
2015-03-19 01:32:02,349 ERROR [StrictErrorReporter] - runtimeError: message=[The data necessary to complete this operation is not yet available.] sourceName=[http://elibrary.ru/jquery.min.js] line=[2] lineSource=[null] lineOffset=[0]
2015-03-19 01:32:02,371 ERROR [StrictErrorReporter] - runtimeError: message=[The data necessary to complete this operation is not yet available.] sourceName=[http://elibrary.ru/jquery.min.js] line=[2] lineSource=[null] lineOffset=[0]
2015-03-19 01:32:02,390 ERROR [StrictErrorReporter] - runtimeError: message=[The data necessary to complete this operation is not yet available.] sourceName=[http://elibrary.ru/jquery.min.js] line=[2] lineSource=[null] lineOffset=[0]
2015-03-19 01:32:02,394 ERROR [StrictErrorReporter] - runtimeError: message=[The data necessary to complete this operation is not yet available.] sourceName=[http://elibrary.ru/jquery.min.js] line=[2] lineSource=[null] lineOffset=[0]
2015-03-19 01:32:02,397 ERROR [StrictErrorReporter] - runtimeError: message=[The data necessary to complete this operation is not yet available.] sourceName=[http://elibrary.ru/jquery.min.js] line=[2] lineSource=[null] lineOffset=[0]
2015-03-19 01:32:02,400 ERROR [StrictErrorReporter] - runtimeError: message=[The data necessary to complete this operation is not yet available.] sourceName=[http://elibrary.ru/jquery.min.js] line=[2] lineSource=[null] lineOffset=[0]
2015-03-19 01:32:02,403 ERROR [StrictErrorReporter] - runtimeError: message=[The data necessary to complete this operation is not yet available.] sourceName=[http://elibrary.ru/jquery.min.js] line=[2] lineSource=[null] lineOffset=[0]
2015-03-19 01:32:02,406 ERROR [StrictErrorReporter] - runtimeError: message=[The data necessary to complete this operation is not yet available.] sourceName=[http://elibrary.ru/jquery.min.js] line=[2] lineSource=[null] lineOffset=[0]
2015-03-19 01:32:02,409 ERROR [StrictErrorReporter] - runtimeError: message=[The data necessary to complete this operation is not yet available.] sourceName=[http://elibrary.ru/jquery.min.js] line=[2] lineSource=[null] lineOffset=[0]
2015-03-19 01:32:02,412 ERROR [StrictErrorReporter] - runtimeError: message=[The data necessary to complete this operation is not yet available.] sourceName=[http://elibrary.ru/jquery.min.js] line=[2] lineSource=[null] lineOffset=[0]
2015-03-19 01:32:02,415 ERROR [StrictErrorReporter] - runtimeError: message=[The data necessary to complete this operation is not yet available.] sourceName=[http://elibrary.ru/jquery.min.js] line=[2] lineSource=[null] lineOffset=[0]
2015-03-19 01:32:02,418 ERROR [StrictErrorReporter] - runtimeError: message=[The data necessary to complete this operation is not yet available.] sourceName=[http://elibrary.ru/jquery.min.js] line=[2] lineSource=[null] lineOffset=[0]
2015-03-19 01:32:02,421 ERROR [StrictErrorReporter] - runtimeError: message=[The data necessary to complete this operation is not yet available.] sourceName=[http://elibrary.ru/jquery.min.js] line=[2] lineSource=[null] lineOffset=[0]
2015-03-19 01:32:02,424 ERROR [StrictErrorReporter] - runtimeError: message=[The data necessary to complete this operation is not yet available.] sourceName=[http://elibrary.ru/jquery.min.js] line=[2] lineSource=[null] lineOffset=[0]
2015-03-19 01:32:02,446 ERROR [StrictErrorReporter] - runtimeError: message=[The data necessary to complete this operation is not yet available.] sourceName=[http://elibrary.ru/jquery.min.js] line=[2] lineSource=[null] lineOffset=[0]
2015-03-19 01:32:02,449 ERROR [StrictErrorReporter] - runtimeError: message=[The data necessary to complete this operation is not yet available.] sourceName=[http://elibrary.ru/jquery.min.js] line=[2] lineSource=[null] lineOffset=[0]
2015-03-19 01:32:02,452 ERROR [StrictErrorReporter] - runtimeError: message=[The data necessary to complete this operation is not yet available.] sourceName=[http://elibrary.ru/jquery.min.js] line=[2] lineSource=[null] lineOffset=[0]
2015-03-19 01:32:02,455 ERROR [StrictErrorReporter] - runtimeError: message=[The data necessary to complete this operation is not yet available.] sourceName=[http://elibrary.ru/jquery.min.js] line=[2] lineSource=[null] lineOffset=[0]
2015-03-19 01:32:02,458 ERROR [StrictErrorReporter] - runtimeError: message=[The data necessary to complete this operation is not yet available.] sourceName=[http://elibrary.ru/jquery.min.js] line=[2] lineSource=[null] lineOffset=[0]
2015-03-19 01:32:02,461 ERROR [StrictErrorReporter] - runtimeError: message=[The data necessary to complete this operation is not yet available.] sourceName=[http://elibrary.ru/jquery.min.js] line=[2] lineSource=[null] lineOffset=[0]
2015-03-19 01:32:02,464 ERROR [StrictErrorReporter] - runtimeError: message=[The data necessary to complete this operation is not yet available.] sourceName=[http://elibrary.ru/jquery.min.js] line=[2] lineSource=[null] lineOffset=[0]
2015-03-19 01:32:02,467 ERROR [StrictErrorReporter] - runtimeError: message=[The data necessary to complete this operation is not yet available.] sourceName=[http://elibrary.ru/jquery.min.js] line=[2] lineSource=[null] lineOffset=[0]
2015-03-19 01:32:02,470 ERROR [StrictErrorReporter] - runtimeError: message=[The data necessary to complete this operation is not yet available.] sourceName=[http://elibrary.ru/jquery.min.js] line=[2] lineSource=[null] lineOffset=[0]
2015-03-19 01:32:02,473 ERROR [StrictErrorReporter] - runtimeError: message=[The data necessary to complete this operation is not yet available.] sourceName=[http://elibrary.ru/jquery.min.js] line=[2] lineSource=[null] lineOffset=[0]
2015-03-19 01:32:02,476 ERROR [StrictErrorReporter] - runtimeError: message=[The data necessary to complete this operation is not yet available.] sourceName=[http://elibrary.ru/jquery.min.js] line=[2] lineSource=[null] lineOffset=[0]
2015-03-19 01:32:02,512 ERROR [StrictErrorReporter] - runtimeError: message=[The data necessary to complete this operation is not yet available.] sourceName=[http://elibrary.ru/jquery.min.js] line=[2] lineSource=[null] lineOffset=[0]
2015-03-19 01:32:02,516 ERROR [StrictErrorReporter] - runtimeError: message=[The data necessary to complete this operation is not yet available.] sourceName=[http://elibrary.ru/jquery.min.js] line=[2] lineSource=[null] lineOffset=[0]
2015-03-19 01:32:02,519 ERROR [StrictErrorReporter] - runtimeError: message=[The data necessary to complete this operation is not yet available.] sourceName=[http://elibrary.ru/jquery.min.js] line=[2] lineSource=[null] lineOffset=[0]
2015-03-19 01:32:02,522 ERROR [StrictErrorReporter] - runtimeError: message=[The data necessary to complete this operation is not yet available.] sourceName=[http://elibrary.ru/jquery.min.js] line=[2] lineSource=[null] lineOffset=[0]
2015-03-19 01:32:02,525 ERROR [StrictErrorReporter] - runtimeError: message=[The data necessary to complete this operation is not yet available.] sourceName=[http://elibrary.ru/jquery.min.js] line=[2] lineSource=[null] lineOffset=[0]
2015-03-19 01:32:02,528 ERROR [StrictErrorReporter] - runtimeError: message=[The data necessary to complete this operation is not yet available.] sourceName=[http://elibrary.ru/jquery.min.js] line=[2] lineSource=[null] lineOffset=[0]
2015-03-19 01:32:02,531 ERROR [StrictErrorReporter] - runtimeError: message=[The data necessary to complete this operation is not yet available.] sourceName=[http://elibrary.ru/jquery.min.js] line=[2] lineSource=[null] lineOffset=[0]
2015-03-19 01:32:02,534 ERROR [StrictErrorReporter] - runtimeError: message=[The data necessary to complete this operation is not yet available.] sourceName=[http://elibrary.ru/jquery.min.js] line=[2] lineSource=[null] lineOffset=[0]
2015-03-19 01:32:02,537 ERROR [StrictErrorReporter] - runtimeError: message=[The data necessary to complete this operation is not yet available.] sourceName=[http://elibrary.ru/jquery.min.js] line=[2] lineSource=[null] lineOffset=[0]
2015-03-19 01:32:02,543 ERROR [StrictErrorReporter] - runtimeError: message=[The data necessary to complete this operation is not yet available.] sourceName=[http://elibrary.ru/jquery.min.js] line=[2] lineSource=[null] lineOffset=[0]
2015-03-19 01:32:02,546 ERROR [StrictErrorReporter] - runtimeError: message=[The data necessary to complete this operation is not yet available.] sourceName=[http://elibrary.ru/jquery.min.js] line=[2] lineSource=[null] lineOffset=[0]
2015-03-19 01:32:02,549 ERROR [StrictErrorReporter] - runtimeError: message=[The data necessary to complete this operation is not yet available.] sourceName=[http://elibrary.ru/jquery.min.js] line=[2] lineSource=[null] lineOffset=[0]
2015-03-19 01:32:02,564 ERROR [StrictErrorReporter] - runtimeError: message=[The data necessary to complete this operation is not yet available.] sourceName=[http://elibrary.ru/jquery.min.js] line=[2] lineSource=[null] lineOffset=[0]
2015-03-19 01:32:02,567 ERROR [StrictErrorReporter] - runtimeError: message=[The data necessary to complete this operation is not yet available.] sourceName=[http://elibrary.ru/jquery.min.js] line=[2] lineSource=[null] lineOffset=[0]
2015-03-19 01:32:02,570 ERROR [StrictErrorReporter] - runtimeError: message=[The data necessary to complete this operation is not yet available.] sourceName=[http://elibrary.ru/jquery.min.js] line=[2] lineSource=[null] lineOffset=[0]
2015-03-19 01:32:02,573 ERROR [StrictErrorReporter] - runtimeError: message=[The data necessary to complete this operation is not yet available.] sourceName=[http://elibrary.ru/jquery.min.js] line=[2] lineSource=[null] lineOffset=[0]
2015-03-19 01:32:02,576 ERROR [StrictErrorReporter] - runtimeError: message=[The data necessary to complete this operation is not yet available.] sourceName=[http://elibrary.ru/jquery.min.js] line=[2] lineSource=[null] lineOffset=[0]
2015-03-19 01:32:02,579 ERROR [StrictErrorReporter] - runtimeError: message=[The data necessary to complete this operation is not yet available.] sourceName=[http://elibrary.ru/jquery.min.js] line=[2] lineSource=[null] lineOffset=[0]
2015-03-19 01:32:02,582 ERROR [StrictErrorReporter] - runtimeError: message=[The data necessary to complete this operation is not yet available.] sourceName=[http://elibrary.ru/jquery.min.js] line=[2] lineSource=[null] lineOffset=[0]
2015-03-19 01:32:02,585 ERROR [StrictErrorReporter] - runtimeError: message=[The data necessary to complete this operation is not yet available.] sourceName=[http://elibrary.ru/jquery.min.js] line=[2] lineSource=[null] lineOffset=[0]
2015-03-19 01:32:02,588 ERROR [StrictErrorReporter] - runtimeError: message=[The data necessary to complete this operation is not yet available.] sourceName=[http://elibrary.ru/jquery.min.js] line=[2] lineSource=[null] lineOffset=[0]
2015-03-19 01:32:02,591 ERROR [StrictErrorReporter] - runtimeError: message=[The data necessary to complete this operation is not yet available.] sourceName=[http://elibrary.ru/jquery.min.js] line=[2] lineSource=[null] lineOffset=[0]
2015-03-19 01:32:02,594 ERROR [StrictErrorReporter] - runtimeError: message=[The data necessary to complete this operation is not yet available.] sourceName=[http://elibrary.ru/jquery.min.js] line=[2] lineSource=[null] lineOffset=[0]
2015-03-19 01:32:02,597 ERROR [StrictErrorReporter] - runtimeError: message=[The data necessary to complete this operation is not yet available.] sourceName=[http://elibrary.ru/jquery.min.js] line=[2] lineSource=[null] lineOffset=[0]
2015-03-19 01:32:02,600 ERROR [StrictErrorReporter] - runtimeError: message=[The data necessary to complete this operation is not yet available.] sourceName=[http://elibrary.ru/jquery.min.js] line=[2] lineSource=[null] lineOffset=[0]
2015-03-19 01:32:02,604 ERROR [StrictErrorReporter] - runtimeError: message=[The data necessary to complete this operation is not yet available.] sourceName=[http://elibrary.ru/jquery.min.js] line=[2] lineSource=[null] lineOffset=[0]
2015-03-19 01:32:02,607 ERROR [StrictErrorReporter] - runtimeError: message=[The data necessary to complete this operation is not yet available.] sourceName=[http://elibrary.ru/jquery.min.js] line=[2] lineSource=[null] lineOffset=[0]
2015-03-19 01:32:02,610 ERROR [StrictErrorReporter] - runtimeError: message=[The data necessary to complete this operation is not yet available.] sourceName=[http://elibrary.ru/jquery.min.js] line=[2] lineSource=[null] lineOffset=[0]
2015-03-19 01:32:02,614 ERROR [StrictErrorReporter] - runtimeError: message=[The data necessary to complete this operation is not yet available.] sourceName=[http://elibrary.ru/jquery.min.js] line=[2] lineSource=[null] lineOffset=[0]
2015-03-19 01:32:02,618 ERROR [StrictErrorReporter] - runtimeError: message=[The data necessary to complete this operation is not yet available.] sourceName=[http://elibrary.ru/jquery.min.js] line=[2] lineSource=[null] lineOffset=[0]
2015-03-19 01:32:02,621 ERROR [StrictErrorReporter] - runtimeError: message=[The data necessary to complete this operation is not yet available.] sourceName=[http://elibrary.ru/jquery.min.js] line=[2] lineSource=[null] lineOffset=[0]
2015-03-19 01:32:02,624 ERROR [StrictErrorReporter] - runtimeError: message=[The data necessary to complete this operation is not yet available.] sourceName=[http://elibrary.ru/jquery.min.js] line=[2] lineSource=[null] lineOffset=[0]
2015-03-19 01:32:02,627 ERROR [StrictErrorReporter] - runtimeError: message=[The data necessary to complete this operation is not yet available.] sourceName=[http://elibrary.ru/jquery.min.js] line=[2] lineSource=[null] lineOffset=[0]
2015-03-19 01:32:02,630 ERROR [StrictErrorReporter] - runtimeError: message=[The data necessary to complete this operation is not yet available.] sourceName=[http://elibrary.ru/jquery.min.js] line=[2] lineSource=[null] lineOffset=[0]
2015-03-19 01:32:02,633 ERROR [StrictErrorReporter] - runtimeError: message=[The data necessary to complete this operation is not yet available.] sourceName=[http://elibrary.ru/jquery.min.js] line=[2] lineSource=[null] lineOffset=[0]
2015-03-19 01:32:02,636 ERROR [StrictErrorReporter] - runtimeError: message=[The data necessary to complete this operation is not yet available.] sourceName=[http://elibrary.ru/jquery.min.js] line=[2] lineSource=[null] lineOffset=[0]
2015-03-19 01:32:02,640 ERROR [StrictErrorReporter] - runtimeError: message=[The data necessary to complete this operation is not yet available.] sourceName=[http://elibrary.ru/jquery.min.js] line=[2] lineSource=[null] lineOffset=[0]
2015-03-19 01:32:02,643 ERROR [StrictErrorReporter] - runtimeError: message=[The data necessary to complete this operation is not yet available.] sourceName=[http://elibrary.ru/jquery.min.js] line=[2] lineSource=[null] lineOffset=[0]
2015-03-19 01:32:02,646 ERROR [StrictErrorReporter] - runtimeError: message=[The data necessary to complete this operation is not yet available.] sourceName=[http://elibrary.ru/jquery.min.js] line=[2] lineSource=[null] lineOffset=[0]
2015-03-19 01:32:02,649 ERROR [StrictErrorReporter] - runtimeError: message=[The data necessary to complete this operation is not yet available.] sourceName=[http://elibrary.ru/jquery.min.js] line=[2] lineSource=[null] lineOffset=[0]
2015-03-19 01:32:02,652 ERROR [StrictErrorReporter] - runtimeError: message=[The data necessary to complete this operation is not yet available.] sourceName=[http://elibrary.ru/jquery.min.js] line=[2] lineSource=[null] lineOffset=[0]
2015-03-19 01:32:02,655 ERROR [StrictErrorReporter] - runtimeError: message=[The data necessary to complete this operation is not yet available.] sourceName=[http://elibrary.ru/jquery.min.js] line=[2] lineSource=[null] lineOffset=[0]
2015-03-19 01:32:02,658 ERROR [StrictErrorReporter] - runtimeError: message=[The data necessary to complete this operation is not yet available.] sourceName=[http://elibrary.ru/jquery.min.js] line=[2] lineSource=[null] lineOffset=[0]
2015-03-19 01:32:02,661 ERROR [StrictErrorReporter] - runtimeError: message=[The data necessary to complete this operation is not yet available.] sourceName=[http://elibrary.ru/jquery.min.js] line=[2] lineSource=[null] lineOffset=[0]
2015-03-19 01:32:02,664 ERROR [StrictErrorReporter] - runtimeError: message=[The data necessary to complete this operation is not yet available.] sourceName=[http://elibrary.ru/jquery.min.js] line=[2] lineSource=[null] lineOffset=[0]
2015-03-19 01:32:02,667 ERROR [StrictErrorReporter] - runtimeError: message=[The data necessary to complete this operation is not yet available.] sourceName=[http://elibrary.ru/jquery.min.js] line=[2] lineSource=[null] lineOffset=[0]
2015-03-19 01:32:02,670 ERROR [StrictErrorReporter] - runtimeError: message=[The data necessary to complete this operation is not yet available.] sourceName=[http://elibrary.ru/jquery.min.js] line=[2] lineSource=[null] lineOffset=[0]
2015-03-19 01:32:02,673 ERROR [StrictErrorReporter] - runtimeError: message=[The data necessary to complete this operation is not yet available.] sourceName=[http://elibrary.ru/jquery.min.js] line=[2] lineSource=[null] lineOffset=[0]
2015-03-19 01:32:02,678 ERROR [StrictErrorReporter] - runtimeError: message=[The data necessary to complete this operation is not yet available.] sourceName=[http://elibrary.ru/jquery.min.js] line=[2] lineSource=[null] lineOffset=[0]
2015-03-19 01:32:02,681 ERROR [StrictErrorReporter] - runtimeError: message=[The data necessary to complete this operation is not yet available.] sourceName=[http://elibrary.ru/jquery.min.js] line=[2] lineSource=[null] lineOffset=[0]
2015-03-19 01:32:02,684 ERROR [StrictErrorReporter] - runtimeError: message=[The data necessary to complete this operation is not yet available.] sourceName=[http://elibrary.ru/jquery.min.js] line=[2] lineSource=[null] lineOffset=[0]
2015-03-19 01:32:02,687 ERROR [StrictErrorReporter] - runtimeError: message=[The data necessary to complete this operation is not yet available.] sourceName=[http://elibrary.ru/jquery.min.js] line=[2] lineSource=[null] lineOffset=[0]
2015-03-19 01:32:02,690 ERROR [StrictErrorReporter] - runtimeError: message=[The data necessary to complete this operation is not yet available.] sourceName=[http://elibrary.ru/jquery.min.js] line=[2] lineSource=[null] lineOffset=[0]
2015-03-19 01:32:02,693 ERROR [StrictErrorReporter] - runtimeError: message=[The data necessary to complete this operation is not yet available.] sourceName=[http://elibrary.ru/jquery.min.js] line=[2] lineSource=[null] lineOffset=[0]
2015-03-19 01:32:02,696 ERROR [StrictErrorReporter] - runtimeError: message=[The data necessary to complete this operation is not yet available.] sourceName=[http://elibrary.ru/jquery.min.js] line=[2] lineSource=[null] lineOffset=[0]
2015-03-19 01:32:02,699 ERROR [StrictErrorReporter] - runtimeError: message=[The data necessary to complete this operation is not yet available.] sourceName=[http://elibrary.ru/jquery.min.js] line=[2] lineSource=[null] lineOffset=[0]
2015-03-19 01:32:02,702 ERROR [StrictErrorReporter] - runtimeError: message=[The data necessary to complete this operation is not yet available.] sourceName=[http://elibrary.ru/jquery.min.js] line=[2] lineSource=[null] lineOffset=[0]
2015-03-19 01:32:02,705 ERROR [StrictErrorReporter] - runtimeError: message=[The data necessary to complete this operation is not yet available.] sourceName=[http://elibrary.ru/jquery.min.js] line=[2] lineSource=[null] lineOffset=[0]
2015-03-19 01:32:02,708 ERROR [StrictErrorReporter] - runtimeError: message=[The data necessary to complete this operation is not yet available.] sourceName=[http://elibrary.ru/jquery.min.js] line=[2] lineSource=[null] lineOffset=[0]
2015-03-19 01:32:02,711 ERROR [StrictErrorReporter] - runtimeError: message=[The data necessary to complete this operation is not yet available.] sourceName=[http://elibrary.ru/jquery.min.js] line=[2] lineSource=[null] lineOffset=[0]
2015-03-19 01:32:02,714 ERROR [StrictErrorReporter] - runtimeError: message=[The data necessary to complete this operation is not yet available.] sourceName=[http://elibrary.ru/jquery.min.js] line=[2] lineSource=[null] lineOffset=[0]
2015-03-19 01:32:02,718 ERROR [StrictErrorReporter] - runtimeError: message=[The data necessary to complete this operation is not yet available.] sourceName=[http://elibrary.ru/jquery.min.js] line=[2] lineSource=[null] lineOffset=[0]
2015-03-19 01:32:02,721 ERROR [StrictErrorReporter] - runtimeError: message=[The data necessary to complete this operation is not yet available.] sourceName=[http://elibrary.ru/jquery.min.js] line=[2] lineSource=[null] lineOffset=[0]
2015-03-19 01:32:02,772 ERROR [StrictErrorReporter] - runtimeError: message=[The data necessary to complete this operation is not yet available.] sourceName=[http://elibrary.ru/jquery.min.js] line=[2] lineSource=[null] lineOffset=[0]
2015-03-19 01:32:02,775 ERROR [StrictErrorReporter] - runtimeError: message=[The data necessary to complete this operation is not yet available.] sourceName=[http://elibrary.ru/jquery.min.js] line=[2] lineSource=[null] lineOffset=[0]
2015-03-19 01:32:02,778 ERROR [StrictErrorReporter] - runtimeError: message=[The data necessary to complete this operation is not yet available.] sourceName=[http://elibrary.ru/jquery.min.js] line=[2] lineSource=[null] lineOffset=[0]
2015-03-19 01:32:02,781 ERROR [StrictErrorReporter] - runtimeError: message=[The data necessary to complete this operation is not yet available.] sourceName=[http://elibrary.ru/jquery.min.js] line=[2] lineSource=[null] lineOffset=[0]
2015-03-19 01:32:02,784 ERROR [StrictErrorReporter] - runtimeError: message=[The data necessary to complete this operation is not yet available.] sourceName=[http://elibrary.ru/jquery.min.js] line=[2] lineSource=[null] lineOffset=[0]
2015-03-19 01:32:02,787 ERROR [StrictErrorReporter] - runtimeError: message=[The data necessary to complete this operation is not yet available.] sourceName=[http://elibrary.ru/jquery.min.js] line=[2] lineSource=[null] lineOffset=[0]
2015-03-19 01:32:02,790 ERROR [StrictErrorReporter] - runtimeError: message=[The data necessary to complete this operation is not yet available.] sourceName=[http://elibrary.ru/jquery.min.js] line=[2] lineSource=[null] lineOffset=[0]
2015-03-19 01:32:02,793 ERROR [StrictErrorReporter] - runtimeError: message=[The data necessary to complete this operation is not yet available.] sourceName=[http://elibrary.ru/jquery.min.js] line=[2] lineSource=[null] lineOffset=[0]
2015-03-19 01:32:02,796 ERROR [StrictErrorReporter] - runtimeError: message=[The data necessary to complete this operation is not yet available.] sourceName=[http://elibrary.ru/jquery.min.js] line=[2] lineSource=[null] lineOffset=[0]
2015-03-19 01:32:02,799 ERROR [StrictErrorReporter] - runtimeError: message=[The data necessary to complete this operation is not yet available.] sourceName=[http://elibrary.ru/jquery.min.js] line=[2] lineSource=[null] lineOffset=[0]
2015-03-19 01:32:02,801 ERROR [StrictErrorReporter] - runtimeError: message=[The data necessary to complete this operation is not yet available.] sourceName=[http://elibrary.ru/jquery.min.js] line=[2] lineSource=[null] lineOffset=[0]
2015-03-19 01:32:02,805 ERROR [StrictErrorReporter] - runtimeError: message=[The data necessary to complete this operation is not yet available.] sourceName=[http://elibrary.ru/jquery.min.js] line=[2] lineSource=[null] lineOffset=[0]
2015-03-19 01:32:02,808 ERROR [StrictErrorReporter] - runtimeError: message=[The data necessary to complete this operation is not yet available.] sourceName=[http://elibrary.ru/jquery.min.js] line=[2] lineSource=[null] lineOffset=[0]
2015-03-19 01:32:02,814 ERROR [StrictErrorReporter] - runtimeError: message=[The data necessary to complete this operation is not yet available.] sourceName=[http://elibrary.ru/jquery.min.js] line=[2] lineSource=[null] lineOffset=[0]
2015-03-19 01:32:02,817 ERROR [StrictErrorReporter] - runtimeError: message=[The data necessary to complete this operation is not yet available.] sourceName=[http://elibrary.ru/jquery.min.js] line=[2] lineSource=[null] lineOffset=[0]
2015-03-19 01:32:02,820 ERROR [StrictErrorReporter] - runtimeError: message=[The data necessary to complete this operation is not yet available.] sourceName=[http://elibrary.ru/jquery.min.js] line=[2] lineSource=[null] lineOffset=[0]
2015-03-19 01:32:02,823 ERROR [StrictErrorReporter] - runtimeError: message=[The data necessary to complete this operation is not yet available.] sourceName=[http://elibrary.ru/jquery.min.js] line=[2] lineSource=[null] lineOffset=[0]
2015-03-19 01:32:02,826 ERROR [StrictErrorReporter] - runtimeError: message=[The data necessary to complete this operation is not yet available.] sourceName=[http://elibrary.ru/jquery.min.js] line=[2] lineSource=[null] lineOffset=[0]
2015-03-19 01:32:02,829 ERROR [StrictErrorReporter] - runtimeError: message=[The data necessary to complete this operation is not yet available.] sourceName=[http://elibrary.ru/jquery.min.js] line=[2] lineSource=[null] lineOffset=[0]
2015-03-19 01:32:02,914 WARN  [IncorrectnessListenerImpl] - Obsolete content type encountered: 'text/javascript'.
2015-03-19 01:32:03,407 WARN  [ActiveXObject] - Automation server can't create object for ShockwaveFlash.ShockwaveFlash.7
2015-03-19 01:32:03,408 ERROR [StrictErrorReporter] - runtimeError: message=[Automation server can't create object] sourceName=[http://www.google-analytics.com/ga.js] line=[25] lineSource=[null] lineOffset=[0]
2015-03-19 01:32:03,409 WARN  [ActiveXObject] - Automation server can't create object for ShockwaveFlash.ShockwaveFlash.6
2015-03-19 01:32:03,409 ERROR [StrictErrorReporter] - runtimeError: message=[Automation server can't create object] sourceName=[http://www.google-analytics.com/ga.js] line=[25] lineSource=[null] lineOffset=[0]
2015-03-19 01:32:03,410 WARN  [ActiveXObject] - Automation server can't create object for ShockwaveFlash.ShockwaveFlash
2015-03-19 01:32:03,410 ERROR [StrictErrorReporter] - runtimeError: message=[Automation server can't create object] sourceName=[http://www.google-analytics.com/ga.js] line=[25] lineSource=[null] lineOffset=[0]
2015-03-19 01:32:03,452 ERROR [StrictErrorReporter] - runtimeError: message=[The data necessary to complete this operation is not yet available.] sourceName=[http://elibrary.ru/jquery.min.js] line=[2] lineSource=[null] lineOffset=[0]
2015-03-19 01:32:03,455 ERROR [StrictErrorReporter] - runtimeError: message=[The data necessary to complete this operation is not yet available.] sourceName=[http://elibrary.ru/jquery.min.js] line=[2] lineSource=[null] lineOffset=[0]
2015-03-19 01:32:03,479 WARN  [ActiveXObject] - Automation server can't create object for ShockwaveFlash.ShockwaveFlash
2015-03-19 01:32:03,480 ERROR [StrictErrorReporter] - runtimeError: message=[Automation server can't create object] sourceName=[http://mc.yandex.ru/metrika/watch.js] line=[73] lineSource=[null] lineOffset=[0]
2015-03-19 01:32:03,481 WARN  [ActiveXObject] - Automation server can't create object for AgControl.AgControl
2015-03-19 01:32:03,481 ERROR [StrictErrorReporter] - runtimeError: message=[Automation server can't create object] sourceName=[http://mc.yandex.ru/metrika/watch.js] line=[72] lineSource=[null] lineOffset=[0]
